c:\hooman\gbc\game3111\week 3\trianglepart1\debug\vc142.pdb
c:\hooman\gbc\game3111\week 3\trianglepart1\debug\vc142.idb
c:\hooman\gbc\game3111\week 3\trianglepart1\debug\trianglen.obj
c:\hooman\gbc\game3111\week 3\trianglepart1\debug\triangle1.obj
c:\hooman\gbc\game3111\week 3\trianglepart1\debug\triangle0.obj
c:\hooman\gbc\game3111\week 3\trianglepart1\debug\mathhelper.obj
c:\hooman\gbc\game3111\week 3\trianglepart1\debug\gametimer.obj
c:\hooman\gbc\game3111\week 3\trianglepart1\debug\d3dutil.obj
c:\hooman\gbc\game3111\week 3\trianglepart1\debug\d3dapp.obj
c:\hooman\gbc\game3111\week 3\trianglepart1\ps.cso
c:\hooman\gbc\game3111\week 3\trianglepart1\vs.cso
c:\hooman\gbc\game3111\week 3\debug\trianglepart1.ilk
c:\hooman\gbc\game3111\week 3\debug\trianglepart1.exe
c:\hooman\gbc\game3111\week 3\debug\trianglepart1.pdb
c:\hooman\gbc\game3111\week 3\trianglepart1\debug\trianglepart1.tlog\cl.command.1.tlog
c:\hooman\gbc\game3111\week 3\trianglepart1\debug\trianglepart1.tlog\cl.read.1.tlog
c:\hooman\gbc\game3111\week 3\trianglepart1\debug\trianglepart1.tlog\cl.write.1.tlog
c:\hooman\gbc\game3111\week 3\trianglepart1\debug\trianglepart1.tlog\fxc.command.1.tlog
c:\hooman\gbc\game3111\week 3\trianglepart1\debug\trianglepart1.tlog\fxc.read.1.tlog
c:\hooman\gbc\game3111\week 3\trianglepart1\debug\trianglepart1.tlog\fxc.write.1.tlog
c:\hooman\gbc\game3111\week 3\trianglepart1\debug\trianglepart1.tlog\link.command.1.tlog
c:\hooman\gbc\game3111\week 3\trianglepart1\debug\trianglepart1.tlog\link.read.1.tlog
c:\hooman\gbc\game3111\week 3\trianglepart1\debug\trianglepart1.tlog\link.write.1.tlog
