c:\hooman\gbc\game3111\week 3\trianglepart1\x64\debug\vc142.pdb
c:\hooman\gbc\game3111\week 3\trianglepart1\x64\debug\vc142.idb
c:\hooman\gbc\game3111\week 3\trianglepart1\x64\debug\trianglen.obj
c:\hooman\gbc\game3111\week 3\trianglepart1\x64\debug\triangle6-rotationtransformation.obj
c:\hooman\gbc\game3111\week 3\trianglepart1\x64\debug\triangle5-constantbuffer.obj
c:\hooman\gbc\game3111\week 3\trianglepart1\x64\debug\triangle4-meshgeo.obj
c:\hooman\gbc\game3111\week 3\trianglepart1\x64\debug\triangle3-color.obj
c:\hooman\gbc\game3111\week 3\trianglepart1\x64\debug\triangle2-line.obj
c:\hooman\gbc\game3111\week 3\trianglepart1\x64\debug\triangle1-backfaceculling.obj
c:\hooman\gbc\game3111\week 3\trianglepart1\x64\debug\triangle0.obj
c:\hooman\gbc\game3111\week 3\trianglepart1\x64\debug\mathhelper.obj
c:\hooman\gbc\game3111\week 3\trianglepart1\x64\debug\gametimer.obj
c:\hooman\gbc\game3111\week 3\trianglepart1\x64\debug\d3dutil.obj
c:\hooman\gbc\game3111\week 3\trianglepart1\x64\debug\d3dapp.obj
c:\hooman\gbc\game3111\week 3\x64\debug\ps.cso
c:\hooman\gbc\game3111\week 3\x64\debug\ps1.cso
c:\hooman\gbc\game3111\week 3\x64\debug\ps2.cso
c:\hooman\gbc\game3111\week 3\x64\debug\ps3.cso
c:\hooman\gbc\game3111\week 3\x64\debug\vs.cso
c:\hooman\gbc\game3111\week 3\x64\debug\vs1.cso
c:\hooman\gbc\game3111\week 3\x64\debug\vs2.cso
c:\hooman\gbc\game3111\week 3\x64\debug\vs3.cso
c:\hooman\gbc\game3111\week 3\x64\debug\trianglepart1.ilk
c:\hooman\gbc\game3111\week 3\x64\debug\trianglepart1.exe
c:\hooman\gbc\game3111\week 3\x64\debug\trianglepart1.pdb
c:\hooman\gbc\game3111\week 3\trianglepart1\x64\debug\trianglepart1.tlog\cl.command.1.tlog
c:\hooman\gbc\game3111\week 3\trianglepart1\x64\debug\trianglepart1.tlog\cl.read.1.tlog
c:\hooman\gbc\game3111\week 3\trianglepart1\x64\debug\trianglepart1.tlog\cl.write.1.tlog
c:\hooman\gbc\game3111\week 3\trianglepart1\x64\debug\trianglepart1.tlog\fxc.command.1.tlog
c:\hooman\gbc\game3111\week 3\trianglepart1\x64\debug\trianglepart1.tlog\fxc.read.1.tlog
c:\hooman\gbc\game3111\week 3\trianglepart1\x64\debug\trianglepart1.tlog\fxc.write.1.tlog
c:\hooman\gbc\game3111\week 3\trianglepart1\x64\debug\trianglepart1.tlog\link.command.1.tlog
c:\hooman\gbc\game3111\week 3\trianglepart1\x64\debug\trianglepart1.tlog\link.read.1.tlog
c:\hooman\gbc\game3111\week 3\trianglepart1\x64\debug\trianglepart1.tlog\link.write.1.tlog
